<?xml version="1.0" encoding="UTF-8"?>
<testng-results ignored="0" total="1" passed="1" failed="0" skipped="0">
  <reporter-output>
  </reporter-output>
  <suite started-at="2022-07-02T14:45:50 IST" name="Default suite" finished-at="2022-07-02T14:46:22 IST" duration-ms="31434">
    <groups>
    </groups>
    <test started-at="2022-07-02T14:45:50 IST" name="Default test" finished-at="2022-07-02T14:46:22 IST" duration-ms="31434">
      <class name="com.Test.Test02">
        <test-method signature="Test_1()[pri:0, instance:com.Test.Test02@29626d54]" started-at="2022-07-02T14:45:50 IST" name="Test_1" finished-at="2022-07-02T14:46:22 IST" duration-ms="31362" status="PASS">
          <reporter-output>
          </reporter-output>
        </test-method> <!-- Test_1 -->
      </class> <!-- com.Test.Test02 -->
    </test> <!-- Default test -->
  </suite> <!-- Default suite -->
</testng-results>
